16:51:46 **** Incremental Build of configuration Debug for project redog ****
make all 
Building file: ../pretreator/TrainSetLoader.cpp
Invoking: GCC C++ Compiler
g++ -O0 -g3 -Wall -c -fmessage-length=0 -MMD -MP -MF"pretreator/TrainSetLoader.d" -MT"pretreator/TrainSetLoader.d" -o "pretreator/TrainSetLoader.o" "../pretreator/TrainSetLoader.cpp"
../pretreator/TrainSetLoader.cpp: In member function ‘bool redog::TrainSetLoader::parse(char*)’:
../pretreator/TrainSetLoader.cpp:59:33: warning: extended initializer lists only available with -std=c++11 or -std=gnu++11 [enabled by default]
../pretreator/TrainSetLoader.cpp:59:33: warning: extended initializer lists only available with -std=c++11 or -std=gnu++11 [enabled by default]
../pretreator/TrainSetLoader.cpp: In member function ‘void redog::TrainSetLoader::show()’:
../pretreator/TrainSetLoader.cpp:161:39: warning: comparison between signed and unsigned integer expressions [-Wsign-compare]
Finished building: ../pretreator/TrainSetLoader.cpp
 
Building file: ../hell.cpp
Invoking: GCC C++ Compiler
g++ -O0 -g3 -Wall -c -fmessage-length=0 -MMD -MP -MF"hell.d" -MT"hell.d" -o "hell.o" "../hell.cpp"
../hell.cpp: In function ‘void testUserIDTransfer()’:
../hell.cpp:15:17: warning: deprecated conversion from string constant to ‘char*’ [-Wwrite-strings]
../hell.cpp:20:27: warning: comparison between signed and unsigned integer expressions [-Wsign-compare]
Finished building: ../hell.cpp
 
Building target: redog
Invoking: GCC C++ Linker
g++  -o "redog"  ./pretreator/DataLoader.o ./pretreator/TrainSetLoader.o ./pretreator/UserIDTransfer.o  ./common.o ./hell.o   
Finished building target: redog
 
16:52:00 **** Incremental Build of configuration Debug for project redog ****
make all 
make: Nothing to be done for `all'.
16:54:10 **** Incremental Build of configuration Debug for project redog ****
make all 
make: Nothing to be done for `all'.
